Your branch is up to date with 'origin/status-updates'.
Already up to date.
Your branch is up to date with 'origin/status-updates'.
Already up to date.
Your branch is ahead of 'origin/status-updates' by 1 commit.
  (use "git push" to publish your local commits)
Current branch status-updates is up to date.
Your branch is ahead of 'origin/status-updates' by 1 commit.
  (use "git push" to publish your local commits)
Current branch status-updates is up to date.
Your branch is ahead of 'origin/status-updates' by 2 commits.
  (use "git push" to publish your local commits)
Current branch status-updates is up to date.
Wrote health.json
No changes in health.json
Your branch is up to date with 'origin/status-updates'.
Already up to date.
Wrote health.json
[status-updates c24eded] minute update: 2025-09-10T10:48:02Z
 1 file changed, 5 insertions(+), 1 deletion(-)
Your branch is up to date with 'origin/status-updates'.
Already up to date.
Wrote health.json
[status-updates acdd343] minute update: 2025-09-10T10:50:01Z
 1 file changed, 5 insertions(+), 1 deletion(-)
Your branch is up to date with 'origin/status-updates'.
Already up to date.
Wrote health.json
[status-updates 7952479] minute update: 2025-09-10T10:52:01Z
 1 file changed, 5 insertions(+), 1 deletion(-)
Your branch is up to date with 'origin/status-updates'.
Already up to date.
Wrote health.json
[status-updates 7ec780c] minute update: 2025-09-10T10:54:02Z
 1 file changed, 5 insertions(+), 1 deletion(-)
Your branch is up to date with 'origin/status-updates'.
Already up to date.
Wrote health.json
[status-updates 50043ce] minute update: 2025-09-10T10:56:02Z
 1 file changed, 5 insertions(+), 1 deletion(-)
Your branch is up to date with 'origin/status-updates'.
Already up to date.
Wrote health.json
[status-updates 6fdd064] minute update: 2025-09-10T10:58:01Z
 1 file changed, 5 insertions(+), 1 deletion(-)
Your branch is up to date with 'origin/status-updates'.
Already up to date.
Wrote health.json
[status-updates 10764c0] minute update: 2025-09-10T11:00:01Z
 1 file changed, 5 insertions(+), 1 deletion(-)
Your branch is up to date with 'origin/status-updates'.
Already up to date.
Wrote health.json
[status-updates 6ee2956] minute update: 2025-09-10T11:02:01Z
 1 file changed, 5 insertions(+), 1 deletion(-)
Your branch is up to date with 'origin/status-updates'.
Already up to date.
Wrote health.json
[status-updates f578f0c] minute update: 2025-09-10T11:04:02Z
 1 file changed, 5 insertions(+), 1 deletion(-)
Your branch is up to date with 'origin/status-updates'.
Already up to date.
Wrote health.json
[status-updates 9257c5b] minute update: 2025-09-10T11:06:01Z
 1 file changed, 5 insertions(+), 1 deletion(-)
Your branch is up to date with 'origin/status-updates'.
Already up to date.
Wrote health.json
[status-updates 690fcea] minute update: 2025-09-10T11:08:01Z
 1 file changed, 5 insertions(+), 1 deletion(-)
Your branch is up to date with 'origin/status-updates'.
Already up to date.
Wrote health.json
[status-updates a6fae03] minute update: 2025-09-10T11:10:01Z
 1 file changed, 5 insertions(+), 1 deletion(-)
Your branch is up to date with 'origin/status-updates'.
Already up to date.
Wrote health.json
[status-updates fae2847] minute update: 2025-09-10T11:12:01Z
 1 file changed, 5 insertions(+), 1 deletion(-)
Your branch is up to date with 'origin/status-updates'.
Already up to date.
Wrote health.json
[status-updates 55d940b] minute update: 2025-09-10T11:14:01Z
 1 file changed, 5 insertions(+), 1 deletion(-)
Your branch is up to date with 'origin/status-updates'.
Already up to date.
Wrote health.json
[status-updates cd90d6e] minute update: 2025-09-10T11:16:01Z
 1 file changed, 5 insertions(+), 1 deletion(-)
Your branch is up to date with 'origin/status-updates'.
Already up to date.
Wrote health.json
[status-updates d517408] minute update: 2025-09-10T11:18:01Z
 1 file changed, 5 insertions(+), 1 deletion(-)
Your branch is up to date with 'origin/status-updates'.
Already up to date.
Wrote health.json
[status-updates 6941607] minute update: 2025-09-10T11:20:01Z
 1 file changed, 5 insertions(+), 1 deletion(-)
Your branch is up to date with 'origin/status-updates'.
Already up to date.
Wrote health.json
[status-updates b8cc73e] minute update: 2025-09-10T11:22:01Z
 1 file changed, 5 insertions(+), 1 deletion(-)
Your branch is up to date with 'origin/status-updates'.
Already up to date.
Wrote health.json
[status-updates 51fb706] minute update: 2025-09-10T11:24:01Z
 1 file changed, 5 insertions(+), 1 deletion(-)
Your branch is up to date with 'origin/status-updates'.
Already up to date.
Wrote health.json
[status-updates b0918f8] minute update: 2025-09-10T11:26:02Z
 1 file changed, 5 insertions(+), 1 deletion(-)
Your branch is up to date with 'origin/status-updates'.
Already up to date.
Wrote health.json
[status-updates 279078c] minute update: 2025-09-10T11:28:02Z
 1 file changed, 5 insertions(+), 1 deletion(-)
Your branch is up to date with 'origin/status-updates'.
Already up to date.
Wrote health.json
[status-updates 0371045] minute update: 2025-09-10T11:30:01Z
 1 file changed, 5 insertions(+), 1 deletion(-)
Your branch is up to date with 'origin/status-updates'.
Already up to date.
Wrote health.json
[status-updates 1d8d32a] minute update: 2025-09-10T11:32:01Z
 1 file changed, 5 insertions(+), 1 deletion(-)
Your branch is up to date with 'origin/status-updates'.
Already up to date.
Wrote health.json
[status-updates 67593b8] minute update: 2025-09-10T11:34:01Z
 1 file changed, 5 insertions(+), 1 deletion(-)
Your branch is up to date with 'origin/status-updates'.
Already up to date.
Wrote health.json
[status-updates 6d41839] minute update: 2025-09-10T11:36:02Z
 1 file changed, 5 insertions(+), 1 deletion(-)
Your branch is up to date with 'origin/status-updates'.
Already up to date.
Wrote health.json
[status-updates 5669abc] minute update: 2025-09-10T11:38:02Z
 1 file changed, 5 insertions(+), 1 deletion(-)
Your branch is up to date with 'origin/status-updates'.
Already up to date.
Wrote health.json
[status-updates 59790d7] minute update: 2025-09-10T11:40:02Z
 1 file changed, 5 insertions(+), 1 deletion(-)
Your branch is up to date with 'origin/status-updates'.
Already up to date.
Wrote health.json
[status-updates f44fd71] minute update: 2025-09-10T11:42:02Z
 1 file changed, 5 insertions(+), 1 deletion(-)
Your branch is up to date with 'origin/status-updates'.
Already up to date.
Wrote health.json
[status-updates 4caad92] minute update: 2025-09-10T11:44:01Z
 1 file changed, 5 insertions(+), 1 deletion(-)
Your branch is up to date with 'origin/status-updates'.
Already up to date.
Wrote health.json
[status-updates 9d7f829] minute update: 2025-09-10T11:46:01Z
 1 file changed, 5 insertions(+), 1 deletion(-)
Your branch is up to date with 'origin/status-updates'.
Already up to date.
Wrote health.json
[status-updates dd0f372] minute update: 2025-09-10T11:48:02Z
 1 file changed, 5 insertions(+), 1 deletion(-)
Your branch is up to date with 'origin/status-updates'.
Already up to date.
Wrote health.json
[status-updates afb87aa] minute update: 2025-09-10T11:50:02Z
 1 file changed, 5 insertions(+), 1 deletion(-)
Your branch is up to date with 'origin/status-updates'.
Already up to date.
Wrote health.json
[status-updates fee21c8] minute update: 2025-09-10T11:52:01Z
 1 file changed, 5 insertions(+), 1 deletion(-)
Your branch is up to date with 'origin/status-updates'.
Already up to date.
Wrote health.json
[status-updates 6504537] minute update: 2025-09-10T11:54:01Z
 1 file changed, 5 insertions(+), 1 deletion(-)
Your branch is up to date with 'origin/status-updates'.
Already up to date.
Wrote health.json
[status-updates 93df487] minute update: 2025-09-10T11:56:01Z
 1 file changed, 5 insertions(+), 1 deletion(-)
Your branch is up to date with 'origin/status-updates'.
Already up to date.
Wrote health.json
[status-updates aae6e41] minute update: 2025-09-10T11:58:01Z
 1 file changed, 5 insertions(+), 1 deletion(-)
Your branch is up to date with 'origin/status-updates'.
Already up to date.
Wrote health.json
[status-updates d3861f0] minute update: 2025-09-10T12:00:01Z
 1 file changed, 5 insertions(+), 1 deletion(-)
Your branch is up to date with 'origin/status-updates'.
Already up to date.
Wrote health.json
[status-updates 059b12d] minute update: 2025-09-10T12:02:01Z
 1 file changed, 5 insertions(+), 1 deletion(-)
Your branch is up to date with 'origin/status-updates'.
Already up to date.
Wrote health.json
[status-updates 772f002] minute update: 2025-09-10T12:04:01Z
 1 file changed, 5 insertions(+), 1 deletion(-)
Your branch is up to date with 'origin/status-updates'.
Already up to date.
Wrote health.json
[status-updates 75c0782] minute update: 2025-09-10T12:06:01Z
 1 file changed, 5 insertions(+), 1 deletion(-)
Your branch is up to date with 'origin/status-updates'.
Already up to date.
Wrote health.json
[status-updates c75cf9e] minute update: 2025-09-10T12:08:01Z
 1 file changed, 5 insertions(+), 1 deletion(-)
Your branch is up to date with 'origin/status-updates'.
Already up to date.
Wrote health.json
[status-updates cdd382a] minute update: 2025-09-10T12:10:02Z
 1 file changed, 5 insertions(+), 1 deletion(-)
Your branch is up to date with 'origin/status-updates'.
Already up to date.
Wrote health.json
[status-updates 4d3147a] minute update: 2025-09-10T12:12:01Z
 1 file changed, 5 insertions(+), 1 deletion(-)
Your branch is up to date with 'origin/status-updates'.
Already up to date.
Wrote health.json
[status-updates 0327ac0] minute update: 2025-09-10T12:14:02Z
 1 file changed, 5 insertions(+), 1 deletion(-)
Your branch is up to date with 'origin/status-updates'.
Already up to date.
Wrote health.json
[status-updates 007028f] minute update: 2025-09-10T12:16:01Z
 1 file changed, 5 insertions(+), 1 deletion(-)
Your branch is up to date with 'origin/status-updates'.
Already up to date.
Wrote health.json
[status-updates b62269f] minute update: 2025-09-10T12:18:01Z
 1 file changed, 5 insertions(+), 1 deletion(-)
Your branch is up to date with 'origin/status-updates'.
Already up to date.
Wrote health.json
[status-updates d4f259a] minute update: 2025-09-10T12:20:02Z
 1 file changed, 5 insertions(+), 1 deletion(-)
Your branch is up to date with 'origin/status-updates'.
Already up to date.
Wrote health.json
[status-updates bce4aab] minute update: 2025-09-10T12:22:01Z
 1 file changed, 5 insertions(+), 1 deletion(-)
Your branch is up to date with 'origin/status-updates'.
Already up to date.
Wrote health.json
[status-updates 2618acc] minute update: 2025-09-10T12:24:01Z
 1 file changed, 5 insertions(+), 1 deletion(-)
Your branch is up to date with 'origin/status-updates'.
Already up to date.
Wrote health.json
[status-updates 2009752] minute update: 2025-09-10T12:26:01Z
 1 file changed, 5 insertions(+), 1 deletion(-)
Your branch is up to date with 'origin/status-updates'.
Already up to date.
Wrote health.json
[status-updates b144759] minute update: 2025-09-10T12:28:01Z
 1 file changed, 5 insertions(+), 1 deletion(-)
Your branch is up to date with 'origin/status-updates'.
Already up to date.
Wrote health.json
[status-updates 5d30815] minute update: 2025-09-10T12:30:01Z
 1 file changed, 5 insertions(+), 1 deletion(-)
Your branch is up to date with 'origin/status-updates'.
Already up to date.
Wrote health.json
[status-updates f1ccd1b] minute update: 2025-09-10T12:32:01Z
 1 file changed, 5 insertions(+), 1 deletion(-)
Your branch is up to date with 'origin/status-updates'.
Already up to date.
Wrote health.json
[status-updates 204928e] minute update: 2025-09-10T12:34:01Z
 1 file changed, 5 insertions(+), 1 deletion(-)
Your branch is up to date with 'origin/status-updates'.
Already up to date.
Wrote health.json
[status-updates eb3d38d] minute update: 2025-09-10T12:36:02Z
 1 file changed, 5 insertions(+), 1 deletion(-)
Your branch is up to date with 'origin/status-updates'.
Already up to date.
Wrote health.json
[status-updates 4db4c43] minute update: 2025-09-10T12:38:02Z
 1 file changed, 5 insertions(+), 1 deletion(-)
Your branch is up to date with 'origin/status-updates'.
Already up to date.
Wrote health.json
[status-updates 8123d79] minute update: 2025-09-10T12:40:02Z
 1 file changed, 5 insertions(+), 1 deletion(-)
Your branch is up to date with 'origin/status-updates'.
Already up to date.
Wrote health.json
[status-updates 6dd041a] minute update: 2025-09-10T12:42:02Z
 1 file changed, 5 insertions(+), 1 deletion(-)
Your branch is up to date with 'origin/status-updates'.
Already up to date.
Wrote health.json
[status-updates 044d3fc] minute update: 2025-09-10T12:44:01Z
 1 file changed, 5 insertions(+), 1 deletion(-)
Your branch is up to date with 'origin/status-updates'.
Already up to date.
Wrote health.json
[status-updates d7ef7c9] minute update: 2025-09-10T12:46:01Z
 1 file changed, 5 insertions(+), 1 deletion(-)
Your branch is up to date with 'origin/status-updates'.
Already up to date.
Wrote health.json
[status-updates 0a4a55b] minute update: 2025-09-10T12:48:01Z
 1 file changed, 5 insertions(+), 1 deletion(-)
Your branch is up to date with 'origin/status-updates'.
Already up to date.
Wrote health.json
[status-updates 8b4a283] minute update: 2025-09-10T12:50:01Z
 1 file changed, 5 insertions(+), 1 deletion(-)
Your branch is up to date with 'origin/status-updates'.
Already up to date.
Wrote health.json
[status-updates 1ff1453] minute update: 2025-09-10T12:52:01Z
 1 file changed, 5 insertions(+), 1 deletion(-)
Your branch is up to date with 'origin/status-updates'.
Already up to date.
Wrote health.json
[status-updates 13040b6] minute update: 2025-09-10T12:54:02Z
 1 file changed, 5 insertions(+), 1 deletion(-)
Your branch is up to date with 'origin/status-updates'.
Already up to date.
Wrote health.json
[status-updates 7237724] minute update: 2025-09-10T12:56:02Z
 1 file changed, 5 insertions(+), 1 deletion(-)
Your branch is up to date with 'origin/status-updates'.
Already up to date.
Wrote health.json
[status-updates 62bd5af] minute update: 2025-09-10T12:58:01Z
 1 file changed, 5 insertions(+), 1 deletion(-)
Your branch is up to date with 'origin/status-updates'.
Already up to date.
Wrote health.json
[status-updates 4eeb16a] minute update: 2025-09-10T13:00:01Z
 1 file changed, 5 insertions(+), 1 deletion(-)
Your branch is up to date with 'origin/status-updates'.
Already up to date.
Wrote health.json
[status-updates e643d3c] minute update: 2025-09-10T13:02:02Z
 1 file changed, 5 insertions(+), 1 deletion(-)
Your branch is up to date with 'origin/status-updates'.
Already up to date.
Wrote health.json
[status-updates 3d34334] minute update: 2025-09-10T13:04:01Z
 1 file changed, 5 insertions(+), 1 deletion(-)
Your branch is up to date with 'origin/status-updates'.
Already up to date.
Wrote health.json
[status-updates d4e7ee4] minute update: 2025-09-10T13:06:01Z
 1 file changed, 5 insertions(+), 1 deletion(-)
Your branch is up to date with 'origin/status-updates'.
Already up to date.
Wrote health.json
[status-updates dbb4e25] minute update: 2025-09-10T13:08:02Z
 1 file changed, 5 insertions(+), 1 deletion(-)
Your branch is up to date with 'origin/status-updates'.
Already up to date.
Wrote health.json
[status-updates bb86310] minute update: 2025-09-10T13:10:02Z
 1 file changed, 5 insertions(+), 1 deletion(-)
Your branch is up to date with 'origin/status-updates'.
Already up to date.
Wrote health.json
[status-updates 05f6c0a] minute update: 2025-09-10T13:12:01Z
 1 file changed, 5 insertions(+), 1 deletion(-)
Your branch is up to date with 'origin/status-updates'.
Already up to date.
Wrote health.json
[status-updates 1f2defa] minute update: 2025-09-10T13:14:01Z
 1 file changed, 5 insertions(+), 1 deletion(-)
Your branch is up to date with 'origin/status-updates'.
Already up to date.
Wrote health.json
[status-updates 69ba63f] minute update: 2025-09-10T13:16:01Z
 1 file changed, 5 insertions(+), 1 deletion(-)
Your branch is up to date with 'origin/status-updates'.
Already up to date.
Wrote health.json
[status-updates 2dd88fe] minute update: 2025-09-10T13:18:01Z
 1 file changed, 5 insertions(+), 1 deletion(-)
Your branch is up to date with 'origin/status-updates'.
Already up to date.
Wrote health.json
[status-updates 8851702] minute update: 2025-09-10T13:20:01Z
 1 file changed, 5 insertions(+), 1 deletion(-)
Your branch is up to date with 'origin/status-updates'.
Already up to date.
Wrote health.json
[status-updates a59341a] minute update: 2025-09-10T13:22:02Z
 1 file changed, 5 insertions(+), 1 deletion(-)
Your branch is up to date with 'origin/status-updates'.
Already up to date.
Wrote health.json
[status-updates edfb418] minute update: 2025-09-10T13:26:15Z
 1 file changed, 5 insertions(+), 1 deletion(-)
Your branch is up to date with 'origin/status-updates'.
Already up to date.
Wrote health.json
[status-updates 84a579b] minute update: 2025-09-10T14:28:59Z
 1 file changed, 5 insertions(+), 1 deletion(-)
Your branch is up to date with 'origin/status-updates'.
Already up to date.
Wrote health.json
[status-updates e4e884c] minute update: 2025-09-10T15:01:02Z
 1 file changed, 5 insertions(+), 1 deletion(-)
Your branch is up to date with 'origin/status-updates'.
Already up to date.
Wrote health.json
[status-updates 4de59da] minute update: 2025-09-10T15:25:03Z
 1 file changed, 5 insertions(+), 1 deletion(-)
Your branch is ahead of 'origin/status-updates' by 1 commit.
  (use "git push" to publish your local commits)
Already up to date.
Wrote health.json
[status-updates e16accd] minute update: 2025-09-10T20:16:51Z
 1 file changed, 5 insertions(+), 1 deletion(-)
Your branch is up to date with 'origin/status-updates'.
Already up to date.
Wrote health.json
[status-updates 879f965] minute update: 2025-09-10T21:19:54Z
 1 file changed, 5 insertions(+), 1 deletion(-)
Your branch is up to date with 'origin/status-updates'.
Already up to date.
Wrote health.json
[status-updates 6ea5479] minute update: 2025-09-10T21:52:02Z
 1 file changed, 5 insertions(+), 1 deletion(-)
Your branch is up to date with 'origin/status-updates'.
Already up to date.
Wrote health.json
[status-updates b310c78] minute update: 2025-09-10T22:36:02Z
 1 file changed, 5 insertions(+), 1 deletion(-)
Your branch is up to date with 'origin/status-updates'.
Already up to date.
Wrote health.json
[status-updates 4dfd33d] minute update: 2025-09-10T23:26:51Z
 1 file changed, 5 insertions(+), 1 deletion(-)
Your branch is up to date with 'origin/status-updates'.
Your branch is up to date with 'origin/status-updates'.
Already up to date.
Wrote health.json
[status-updates 37fd76d] minute update: 2025-09-11T01:02:04Z
 1 file changed, 13 insertions(+), 1 deletion(-)
Your branch is up to date with 'origin/status-updates'.
Already up to date.
Wrote health.json
[status-updates a88285d] minute update: 2025-09-11T02:05:03Z
 1 file changed, 5 insertions(+), 1 deletion(-)
Your branch is up to date with 'origin/status-updates'.
Already up to date.
Wrote health.json
[status-updates 82beb05] minute update: 2025-09-11T02:37:03Z
 1 file changed, 5 insertions(+), 1 deletion(-)
Your branch is up to date with 'origin/status-updates'.
Already up to date.
Wrote health.json
[status-updates 4a7fd90] minute update: 2025-09-11T03:17:11Z
 1 file changed, 5 insertions(+), 1 deletion(-)
Your branch is up to date with 'origin/status-updates'.
Already up to date.
Wrote health.json
[status-updates 0a61f59] minute update: 2025-09-11T03:40:04Z
 1 file changed, 5 insertions(+), 1 deletion(-)
Your branch is up to date with 'origin/status-updates'.
Already up to date.
Wrote health.json
[status-updates b5c3581] minute update: 2025-09-11T04:12:03Z
 1 file changed, 5 insertions(+), 1 deletion(-)
Your branch is up to date with 'origin/status-updates'.
Already up to date.
Wrote health.json
[status-updates 20b7998] minute update: 2025-09-11T05:15:22Z
 1 file changed, 5 insertions(+), 1 deletion(-)
Your branch is up to date with 'origin/status-updates'.
Already up to date.
Wrote health.json
[status-updates 2aa6274] minute update: 2025-09-11T05:47:03Z
 1 file changed, 5 insertions(+), 1 deletion(-)
Your branch is up to date with 'origin/status-updates'.
Already up to date.
Wrote health.json
[status-updates 67134b2] minute update: 2025-09-11T06:48:50Z
 1 file changed, 5 insertions(+), 1 deletion(-)
Your branch is up to date with 'origin/status-updates'.
Already up to date.
Wrote health.json
[status-updates 90e7aae] minute update: 2025-09-11T07:45:12Z
 1 file changed, 5 insertions(+), 1 deletion(-)
Your branch is up to date with 'origin/status-updates'.
Already up to date.
Wrote health.json
[status-updates 3c61ffb] minute update: 2025-09-11T07:47:01Z
 1 file changed, 5 insertions(+), 1 deletion(-)
Your branch is up to date with 'origin/status-updates'.
Already up to date.
Wrote health.json
[status-updates 4089945] minute update: 2025-09-11T07:49:01Z
 1 file changed, 5 insertions(+), 1 deletion(-)
Your branch is up to date with 'origin/status-updates'.
Already up to date.
Wrote health.json
[status-updates df87814] minute update: 2025-09-11T07:51:02Z
 1 file changed, 5 insertions(+), 1 deletion(-)
Your branch is up to date with 'origin/status-updates'.
Already up to date.
Wrote health.json
[status-updates 1fda09f] minute update: 2025-09-11T07:53:02Z
 1 file changed, 5 insertions(+), 1 deletion(-)
Your branch is ahead of 'origin/status-updates' by 1 commit.
  (use "git push" to publish your local commits)
Wrote health.json
[status-updates 1376eff] minute update: 2025-09-11T07:55:01Z
 1 file changed, 5 insertions(+), 1 deletion(-)
Your branch is ahead of 'origin/status-updates' by 3 commits.
  (use "git push" to publish your local commits)
Wrote health.json
[status-updates 1859b8b] minute update: 2025-09-11T07:57:01Z
 1 file changed, 5 insertions(+), 1 deletion(-)
Wrote health.json
[status-updates 06936eb] minute update: 2025-09-11T08:13:00Z
 1 file changed, 5 insertions(+), 1 deletion(-)
M	update.err
M	update.log
Wrote health.json
[status-updates 1273da0] minute update: 2025-09-11T08:15:01Z
 1 file changed, 5 insertions(+), 1 deletion(-)
Your branch is up to date with 'status-site/status-updates'.
Wrote health.json
[status-updates 4161caa] minute update: 2025-09-11T08:17:01Z
 1 file changed, 5 insertions(+), 1 deletion(-)
